Using pre-set license

 COMMAND LINE ARGUMENTS:
/Users/mogmet/unity/2020.2.1f1/Unity.app/Contents/MacOS/Unity
-adb2
-batchMode
-noUpm
-name
AssetImportWorker0
-projectPath
/Users/mogmet/dev/sample/UniRxSample
-logFile
Logs/AssetImportWorker0.log
-srvPort
52299
Successfully changed project path to: /Users/mogmet/dev/sample/UniRxSample
/Users/mogmet/dev/sample/UniRxSample
Using Asset Import Pipeline V2.
Refreshing native plugins compatible for Editor in 34.47 ms, found 1 plugins.
Preloading 0 native plugins for Editor in 0.00 ms.
Initialize engine version: 2020.2.1f1 (270dd8c3da1c)
[Subsystems] Discovering subsystems at path /Users/mogmet/unity/2020.2.1f1/Unity.app/Contents/Resources/UnitySubsystems
[Subsystems] Discovering subsystems at path /Users/mogmet/dev/sample/UniRxSample/Assets
GfxDevice: creating device client; threaded=0
2021-03-05 19:00:22.745 Unity[15541:252938] Color LCD preferred device: AMD Radeon Pro 560X (high power)
2021-03-05 19:00:22.745 Unity[15541:252938] Metal devices available: 2
2021-03-05 19:00:22.745 Unity[15541:252938] 0: AMD Radeon Pro 560X (high power)
2021-03-05 19:00:22.745 Unity[15541:252938] 1: Intel(R) UHD Graphics 630 (low power)
2021-03-05 19:00:22.745 Unity[15541:252938] Using device AMD Radeon Pro 560X (high power)
Initializing Metal device caps: AMD Radeon Pro 560X
Initialize mono
Mono path[0] = '/Users/mogmet/unity/2020.2.1f1/Unity.app/Contents/Managed'
Mono path[1] = '/Users/mogmet/unity/2020.2.1f1/Unity.app/Contents/MonoBleedingEdge/lib/mono/unityjit'
Mono config path = '/Users/mogmet/unity/2020.2.1f1/Unity.app/Contents/MonoBleedingEdge/etc'
Using monoOptions --debugger-agent=transport=dt_socket,embedding=1,server=y,suspend=n,address=127.0.0.1:56541
Begin MonoManager ReloadAssembly
Registering precompiled unity dll's ...
Register platform support module: /Users/mogmet/unity/2020.2.1f1/Unity.app/Contents/PlaybackEngines/MacStandaloneSupport/UnityEditor.OSXStandalone.Extensions.dll
Registered in 0.001934 seconds.
Native extension for OSXStandalone target not found
Refreshing native plugins compatible for Editor in 35.78 ms, found 1 plugins.
Preloading 0 native plugins for Editor in 0.00 ms.
Invoked RoslynAnalysisRunner static constructor.
RoslynAnalysisRunner will not be running.
RoslynAnalysisRunner has terminated.
Mono: successfully reloaded assembly
- Completed reload, in  4.383 seconds
Platform modules already initialized, skipping
Registering precompiled user dll's ...
Registered in 0.001297 seconds.
Begin MonoManager ReloadAssembly
Native extension for OSXStandalone target not found
Refreshing native plugins compatible for Editor in 0.24 ms, found 1 plugins.
Preloading 0 native plugins for Editor in 0.00 ms.
Invoked RoslynAnalysisRunner static constructor.
RoslynAnalysisRunner will not be running.
RoslynAnalysisRunner has terminated.
Mono: successfully reloaded assembly
- Completed reload, in  1.288 seconds
Platform modules already initialized, skipping
========================================================================
Worker process is ready to serve import requests
Launching external process: /Users/mogmet/unity/2020.2.1f1/Unity.app/Contents/Tools/UnityShaderCompiler
Launched and connected shader compiler UnityShaderCompiler after 0.02 seconds
Refreshing native plugins compatible for Editor in 0.26 ms, found 1 plugins.
Preloading 0 native plugins for Editor in 0.00 ms.
Unloading 1334 Unused Serialized files (Serialized files now loaded: 0)
System memory in use before: 125.5 MB.
System memory in use after: 125.6 MB.

Unloading 10 unused Assets to reduce memory usage. Loaded Objects now: 1773.
Total: 2.198539 ms (FindLiveObjects: 0.189305 ms CreateObjectMapping: 0.043333 ms MarkObjects: 1.881711 ms  DeleteObjects: 0.082426 ms)

========================================================================
Received Import Request.
  path: Assets/Scripts
  artifactKey: Guid(5374c3ebe3cff4ab9bc06d78539a859c) Importer(815301076,1909f56bfc062723c751e8b465ee728b)
Start importing Assets/Scripts using Guid(5374c3ebe3cff4ab9bc06d78539a859c) Importer(815301076,1909f56bfc062723c751e8b465ee728b)  -> (artifact id: '4b3a4a15bafdd570f7495736e37f4b40') in 0.004439 seconds
  Import took 0.006695 seconds .

========================================================================
Received Import Request.
  Time since last request: 9.915093 seconds.
  path: Assets/Scripts/TopController.cs
  artifactKey: Guid(03c4552a8b4bd4741940caff1bb1e04a) Importer(815301076,1909f56bfc062723c751e8b465ee728b)
Start importing Assets/Scripts/TopController.cs using Guid(03c4552a8b4bd4741940caff1bb1e04a) Importer(815301076,1909f56bfc062723c751e8b465ee728b)  -> (artifact id: '584f2f4be623e121ff041bd14bee1395') in 0.459288 seconds
  Import took 0.461962 seconds .

========================================================================
Received Prepare
Registering precompiled user dll's ...
Registered in 0.000450 seconds.
Begin MonoManager ReloadAssembly
Native extension for OSXStandalone target not found
Refreshing native plugins compatible for Editor in 0.25 ms, found 1 plugins.
Preloading 0 native plugins for Editor in 0.00 ms.
Invoked RoslynAnalysisRunner static constructor.
RoslynAnalysisRunner will not be running.
RoslynAnalysisRunner has terminated.
Mono: successfully reloaded assembly
- Completed reload, in  1.069 seconds
Platform modules already initialized, skipping
Refreshing native plugins compatible for Editor in 0.22 ms, found 1 plugins.
Preloading 0 native plugins for Editor in 0.00 ms.
Unloading 1330 Unused Serialized files (Serialized files now loaded: 0)
System memory in use before: 130.0 MB.
System memory in use after: 130.1 MB.

Unloading 5 unused Assets to reduce memory usage. Loaded Objects now: 1776.
Total: 1.797300 ms (FindLiveObjects: 0.168856 ms CreateObjectMapping: 0.048398 ms MarkObjects: 1.529454 ms  DeleteObjects: 0.048102 ms)

========================================================================
Received Prepare
Registering precompiled user dll's ...
Registered in 0.000446 seconds.
Begin MonoManager ReloadAssembly
Native extension for OSXStandalone target not found
Refreshing native plugins compatible for Editor in 0.23 ms, found 1 plugins.
Preloading 0 native plugins for Editor in 0.00 ms.
Invoked RoslynAnalysisRunner static constructor.
RoslynAnalysisRunner will not be running.
RoslynAnalysisRunner has terminated.
Mono: successfully reloaded assembly
- Completed reload, in  1.187 seconds
Platform modules already initialized, skipping
Refreshing native plugins compatible for Editor in 0.22 ms, found 1 plugins.
Preloading 0 native plugins for Editor in 0.00 ms.
Unloading 1331 Unused Serialized files (Serialized files now loaded: 0)
System memory in use before: 130.3 MB.
System memory in use after: 130.4 MB.

Unloading 5 unused Assets to reduce memory usage. Loaded Objects now: 1779.
Total: 1.695559 ms (FindLiveObjects: 0.288592 ms CreateObjectMapping: 0.044447 ms MarkObjects: 1.324759 ms  DeleteObjects: 0.036693 ms)

========================================================================
Received Import Request.
  Time since last request: 3281.989589 seconds.
  path: Assets/Scripts/TopController.cs
  artifactKey: Guid(03c4552a8b4bd4741940caff1bb1e04a) Importer(815301076,1909f56bfc062723c751e8b465ee728b)
Start importing Assets/Scripts/TopController.cs using Guid(03c4552a8b4bd4741940caff1bb1e04a) Importer(815301076,1909f56bfc062723c751e8b465ee728b)  -> (artifact id: 'cfbc847d7ea3f01df9c250bb3168d3d4') in 0.006427 seconds
  Import took 0.008939 seconds .

========================================================================
Received Prepare
Registering precompiled user dll's ...
Registered in 0.000398 seconds.
Begin MonoManager ReloadAssembly
Native extension for OSXStandalone target not found
Refreshing native plugins compatible for Editor in 0.20 ms, found 1 plugins.
Preloading 0 native plugins for Editor in 0.00 ms.
Invoked RoslynAnalysisRunner static constructor.
RoslynAnalysisRunner will not be running.
RoslynAnalysisRunner has terminated.
Mono: successfully reloaded assembly
- Completed reload, in  0.948 seconds
Platform modules already initialized, skipping
Refreshing native plugins compatible for Editor in 0.19 ms, found 1 plugins.
Preloading 0 native plugins for Editor in 0.00 ms.
Unloading 1331 Unused Serialized files (Serialized files now loaded: 0)
System memory in use before: 130.7 MB.
System memory in use after: 130.8 MB.

Unloading 5 unused Assets to reduce memory usage. Loaded Objects now: 1781.
Total: 1.390018 ms (FindLiveObjects: 0.177442 ms CreateObjectMapping: 0.039159 ms MarkObjects: 1.131325 ms  DeleteObjects: 0.040807 ms)

========================================================================
Received Prepare
Registering precompiled user dll's ...
Registered in 0.000420 seconds.
Begin MonoManager ReloadAssembly
Native extension for OSXStandalone target not found
Refreshing native plugins compatible for Editor in 0.23 ms, found 1 plugins.
Preloading 0 native plugins for Editor in 0.00 ms.
Invoked RoslynAnalysisRunner static constructor.
RoslynAnalysisRunner will not be running.
RoslynAnalysisRunner has terminated.
Mono: successfully reloaded assembly
- Completed reload, in  1.104 seconds
Platform modules already initialized, skipping
Refreshing native plugins compatible for Editor in 0.23 ms, found 1 plugins.
Preloading 0 native plugins for Editor in 0.00 ms.
Unloading 1331 Unused Serialized files (Serialized files now loaded: 0)
System memory in use before: 130.9 MB.
System memory in use after: 131.0 MB.

Unloading 5 unused Assets to reduce memory usage. Loaded Objects now: 1783.
Total: 1.766115 ms (FindLiveObjects: 0.206540 ms CreateObjectMapping: 0.051953 ms MarkObjects: 1.463119 ms  DeleteObjects: 0.043248 ms)

========================================================================
Received Prepare
Registering precompiled user dll's ...
Registered in 0.000441 seconds.
Begin MonoManager ReloadAssembly
Native extension for OSXStandalone target not found
Refreshing native plugins compatible for Editor in 0.25 ms, found 1 plugins.
Preloading 0 native plugins for Editor in 0.00 ms.
Invoked RoslynAnalysisRunner static constructor.
RoslynAnalysisRunner will not be running.
RoslynAnalysisRunner has terminated.
Mono: successfully reloaded assembly
- Completed reload, in  1.215 seconds
Platform modules already initialized, skipping
Refreshing native plugins compatible for Editor in 0.22 ms, found 1 plugins.
Preloading 0 native plugins for Editor in 0.00 ms.
Unloading 1331 Unused Serialized files (Serialized files now loaded: 0)
System memory in use before: 131.2 MB.
System memory in use after: 131.3 MB.

Unloading 5 unused Assets to reduce memory usage. Loaded Objects now: 1785.
Total: 1.661557 ms (FindLiveObjects: 0.160979 ms CreateObjectMapping: 0.049550 ms MarkObjects: 1.402467 ms  DeleteObjects: 0.047398 ms)

